<?xml version="1.0" encoding="UTF-8"?>
<testng-results skipped="0" failed="0" ignored="0" total="1" passed="1">
  <reporter-output>
  </reporter-output>
  <suite name="Default suite" duration-ms="27880" started-at="2020-04-15T02:10:36 IST" finished-at="2020-04-15T02:11:03 IST">
    <groups>
    </groups>
    <test name="Default test" duration-ms="27880" started-at="2020-04-15T02:10:36 IST" finished-at="2020-04-15T02:11:03 IST">
      <class name="com.qa.hs.keyword.tests.LoginTest">
        <test-method status="PASS" signature="loginTestScenario()[pri:0, instance:com.qa.hs.keyword.tests.LoginTest@4973813a]" name="loginTestScenario" duration-ms="27809" started-at="2020-04-15T02:10:36 IST" finished-at="2020-04-15T02:11:03 IST">
          <reporter-output>
          </reporter-output>
        </test-method> <!-- loginTestScenario -->
      </class> <!-- com.qa.hs.keyword.tests.LoginTest -->
    </test> <!-- Default test -->
  </suite> <!-- Default suite -->
</testng-results>
